<?xml version="1.0" encoding="UTF-8"?>
<!-- Generated by org.testng.reporters.JUnitXMLReporter -->
<testsuite ignored="0" hostname="DESKTOP-54KFCAF" failures="0" tests="4" name="Test" time="0.526" errors="0" timestamp="2023-08-26T08:13:36 PDT">
  <testcase classname="demo.sample001" name="TC1" time="0.046"/>
  <testcase classname="demo.sample001" name="TC2" time="0.002"/>
  <testcase classname="demo.sample002" name="TC3" time="0.001"/>
  <testcase classname="demo.sample002" name="TC4" time="0.002"/>
</testsuite> <!-- Test -->
