<?xml version="1.0" encoding="UTF-8"?>
<testng-results ignored="0" total="4" passed="4" failed="0" skipped="0">
  <reporter-output>
    <line>
      <![CDATA[sdfasdfsd]]>
    </line>
    <line>
      <![CDATA[test is executed]]>
    </line>
    <line>
      <![CDATA[sdfassd]]>
    </line>
    <line>
      <![CDATA[test executed]]>
    </line>
  </reporter-output>
  <suite started-at="2023-08-26T08:13:34 PDT" name="Suite" finished-at="2023-08-26T08:13:35 PDT" duration-ms="526">
    <groups>
    </groups>
    <test started-at="2023-08-26T08:13:34 PDT" name="Test" finished-at="2023-08-26T08:13:35 PDT" duration-ms="526">
      <class name="demo.sample002">
        <test-method signature="TC3()[pri:0, instance:demo.sample002@6da21078]" started-at="2023-08-26T08:13:35 PDT" name="TC3" finished-at="2023-08-26T08:13:35 PDT" duration-ms="1" status="PASS">
          <reporter-output>
            <line>
              <![CDATA[sdfassd]]>
            </line>
          </reporter-output>
        </test-method> <!-- TC3 -->
        <test-method signature="TC4()[pri:0, instance:demo.sample002@6da21078]" started-at="2023-08-26T08:13:35 PDT" name="TC4" finished-at="2023-08-26T08:13:35 PDT" duration-ms="2" status="PASS">
          <reporter-output>
            <line>
              <![CDATA[test executed]]>
            </line>
          </reporter-output>
        </test-method> <!-- TC4 -->
      </class> <!-- demo.sample002 -->
      <class name="demo.sample001">
        <test-method signature="TC1()[pri:0, instance:demo.sample001@5fbdfdcf]" started-at="2023-08-26T08:13:35 PDT" name="TC1" finished-at="2023-08-26T08:13:35 PDT" duration-ms="46" status="PASS">
          <reporter-output>
            <line>
              <![CDATA[sdfasdfsd]]>
            </line>
          </reporter-output>
        </test-method> <!-- TC1 -->
        <test-method signature="TC2()[pri:0, instance:demo.sample001@5fbdfdcf]" started-at="2023-08-26T08:13:35 PDT" name="TC2" finished-at="2023-08-26T08:13:35 PDT" duration-ms="2" status="PASS">
          <reporter-output>
            <line>
              <![CDATA[test is executed]]>
            </line>
          </reporter-output>
        </test-method> <!-- TC2 -->
      </class> <!-- demo.sample001 -->
    </test> <!-- Test -->
  </suite> <!-- Suite -->
</testng-results>
